Started GET "/" for 127.0.0.1 at 2023-05-04 23:49:42 -0300
  [1m[35m (7.8ms)[0m  [1m[35mCREATE TABLE "schema_migrations" ("version" varchar NOT NULL PRIMARY KEY)[0m
  [1m[35m (5.3ms)[0m  [1m[35mCREATE TABLE "ar_internal_metadata" ("key" varchar NOT NULL PRIMARY KEY, "value" varchar, "created_at" datetime(6) NOT NULL, "updated_at" datetime(6) NOT NULL)[0m
  [1m[36mActiveRecord::SchemaMigration Pluck (0.1ms)[0m  [1m[34mSELECT "schema_migrations"."version" FROM "schema_migrations" ORDER BY "schema_migrations"."version" ASC[0m
  
ActiveRecord::PendingMigrationError (

Migrations are pending. To resolve this issue, run:

        bin/rails db:migrate RAILS_ENV=development

You have 1 pending migration:

20230505024836_create_livros.rb


):
  
activerecord (7.0.4.3) lib/active_record/migration.rb:627:in `check_pending!'
activerecord (7.0.4.3) lib/active_record/migration.rb:592:in `block (2 levels) in call'
activesupport (7.0.4.3) lib/active_support/file_update_checker.rb:83:in `execute'
activerecord (7.0.4.3) lib/active_record/migration.rb:597:in `block in call'
activerecord (7.0.4.3) lib/active_record/migration.rb:589:in `synchronize'
activerecord (7.0.4.3) lib/active_record/migration.rb:589:in `call'
actionpack (7.0.4.3) lib/action_dispatch/middleware/callbacks.rb:27:in `block in call'
activesupport (7.0.4.3) lib/active_support/callbacks.rb:99:in `run_callbacks'
actionpack (7.0.4.3) lib/action_dispatch/middleware/callbacks.rb:26:in `call'
actionpack (7.0.4.3) lib/action_dispatch/middleware/executor.rb:14:in `call'
actionpack (7.0.4.3) lib/action_dispatch/middleware/actionable_exceptions.rb:17:in `call'
actionpack (7.0.4.3) lib/action_dispatch/middleware/debug_exceptions.rb:28:in `call'
web-console (4.2.0) lib/web_console/middleware.rb:132:in `call_app'
web-console (4.2.0) lib/web_console/middleware.rb:28:in `block in call'
web-console (4.2.0) lib/web_console/middleware.rb:17:in `catch'
web-console (4.2.0) lib/web_console/middleware.rb:17:in `call'
actionpack (7.0.4.3) lib/action_dispatch/middleware/show_exceptions.rb:26:in `call'
railties (7.0.4.3) lib/rails/rack/logger.rb:40:in `call_app'
railties (7.0.4.3) lib/rails/rack/logger.rb:25:in `block in call'
activesupport (7.0.4.3) lib/active_support/tagged_logging.rb:99:in `block in tagged'
activesupport (7.0.4.3) lib/active_support/tagged_logging.rb:37:in `tagged'
activesupport (7.0.4.3) lib/active_support/tagged_logging.rb:99:in `tagged'
railties (7.0.4.3) lib/rails/rack/logger.rb:25:in `call'
sprockets-rails (3.4.2) lib/sprockets/rails/quiet_assets.rb:13:in `call'
actionpack (7.0.4.3) lib/action_dispatch/middleware/remote_ip.rb:93:in `call'
actionpack (7.0.4.3) lib/action_dispatch/middleware/request_id.rb:26:in `call'
rack (2.2.7) lib/rack/method_override.rb:24:in `call'
rack (2.2.7) lib/rack/runtime.rb:22:in `call'
activesupport (7.0.4.3) lib/active_support/cache/strategy/local_cache_middleware.rb:29:in `call'
actionpack (7.0.4.3) lib/action_dispatch/middleware/server_timing.rb:61:in `block in call'
actionpack (7.0.4.3) lib/action_dispatch/middleware/server_timing.rb:26:in `collect_events'
actionpack (7.0.4.3) lib/action_dispatch/middleware/server_timing.rb:60:in `call'
actionpack (7.0.4.3) lib/action_dispatch/middleware/executor.rb:14:in `call'
actionpack (7.0.4.3) lib/action_dispatch/middleware/static.rb:23:in `call'
rack (2.2.7) lib/rack/sendfile.rb:110:in `call'
actionpack (7.0.4.3) lib/action_dispatch/middleware/host_authorization.rb:137:in `call'
railties (7.0.4.3) lib/rails/engine.rb:530:in `call'
puma (5.6.5) lib/puma/configuration.rb:252:in `call'
puma (5.6.5) lib/puma/request.rb:77:in `block in handle_request'
puma (5.6.5) lib/puma/thread_pool.rb:340:in `with_force_shutdown'
puma (5.6.5) lib/puma/request.rb:76:in `handle_request'
puma (5.6.5) lib/puma/server.rb:443:in `process_client'
puma (5.6.5) lib/puma/thread_pool.rb:147:in `block in spawn_thread'
  [1m[36mActiveRecord::SchemaMigration Pluck (0.1ms)[0m  [1m[34mSELECT "schema_migrations"."version" FROM "schema_migrations" ORDER BY "schema_migrations"."version" ASC[0m
Migrating to CreateLivros (20230505024836)
  [1m[36mTRANSACTION (0.1ms)[0m  [1m[36mbegin transaction[0m
  [1m[35m (0.3ms)[0m  [1m[35mCREATE TABLE "livros" ("id" integer PRIMARY KEY AUTOINCREMENT NOT NULL, "title" varchar, "author" varchar, "rating" varchar, "description" varchar, "created_at" datetime(6) NOT NULL, "updated_at" datetime(6) NOT NULL)[0m
  [1m[36mActiveRecord::SchemaMigration Create (0.2ms)[0m  [1m[32mINSERT INTO "schema_migrations" ("version") VALUES (?)[0m  [["version", "20230505024836"]]
  [1m[36mTRANSACTION (6.7ms)[0m  [1m[36mcommit transaction[0m
  [1m[36mActiveRecord::InternalMetadata Load (0.1ms)[0m  [1m[34mSELECT "ar_internal_metadata".* FROM "ar_internal_metadata" WHERE "ar_internal_metadata"."key" = ? LIMIT ?[0m  [["key", "environment"], ["LIMIT", 1]]
  [1m[36mTRANSACTION (0.0ms)[0m  [1m[36mbegin transaction[0m
  [1m[36mActiveRecord::InternalMetadata Create (0.2ms)[0m  [1m[32mINSERT INTO "ar_internal_metadata" ("key", "value", "created_at", "updated_at") VALUES (?, ?, ?, ?)[0m  [["key", "environment"], ["value", "development"], ["created_at", "2023-05-05 02:49:56.259302"], ["updated_at", "2023-05-05 02:49:56.259302"]]
  [1m[36mTRANSACTION (4.7ms)[0m  [1m[36mcommit transaction[0m
  [1m[36mActiveRecord::SchemaMigration Pluck (0.1ms)[0m  [1m[34mSELECT "schema_migrations"."version" FROM "schema_migrations" ORDER BY "schema_migrations"."version" ASC[0m
Started GET "/" for 127.0.0.1 at 2023-05-04 23:50:02 -0300
  [1m[36mActiveRecord::SchemaMigration Pluck (0.1ms)[0m  [1m[34mSELECT "schema_migrations"."version" FROM "schema_migrations" ORDER BY "schema_migrations"."version" ASC[0m
Processing by LivrosController#index as HTML
  Rendering layout layouts/application.html.erb
  Rendering livros/index.html.erb within layouts/application
  [1m[36mLivro Load (0.1ms)[0m  [1m[34mSELECT "livros".* FROM "livros"[0m
  ↳ app/views/livros/index.html.erb:6
  Rendered livros/index.html.erb within layouts/application (Duration: 4.8ms | Allocations: 1499)
  Rendered layout layouts/application.html.erb (Duration: 201.8ms | Allocations: 89449)
Completed 200 OK in 212ms (Views: 204.2ms | ActiveRecord: 0.1ms | Allocations: 93916)


Started GET "/livros/new" for 127.0.0.1 at 2023-05-04 23:50:03 -0300
Processing by LivrosController#new as HTML
  Rendering layout layouts/application.html.erb
  Rendering livros/new.html.erb within layouts/application
  Rendered livros/_form.html.erb (Duration: 6.1ms | Allocations: 5162)
  Rendered livros/new.html.erb within layouts/application (Duration: 6.6ms | Allocations: 5487)
  Rendered layout layouts/application.html.erb (Duration: 8.2ms | Allocations: 7593)
Completed 200 OK in 17ms (Views: 8.6ms | ActiveRecord: 0.6ms | Allocations: 13072)


Started GET "/livros/new" for 127.0.0.1 at 2023-05-05 00:46:01 -0300
Processing by LivrosController#new as HTML
  Rendering layout layouts/application.html.erb
  Rendering livros/new.html.erb within layouts/application
  Rendered livros/_form.html.erb (Duration: 2.3ms | Allocations: 1875)
  Rendered livros/new.html.erb within layouts/application (Duration: 3.3ms | Allocations: 2183)
  Rendered layout layouts/application.html.erb (Duration: 14.3ms | Allocations: 15333)
Completed 200 OK in 27ms (Views: 15.5ms | ActiveRecord: 0.3ms | Allocations: 18391)


Started GET "/livros" for 127.0.0.1 at 2023-05-05 00:49:38 -0300
  [1m[36mActiveRecord::SchemaMigration Pluck (0.1ms)[0m  [1m[34mSELECT "schema_migrations"."version" FROM "schema_migrations" ORDER BY "schema_migrations"."version" ASC[0m
Processing by LivrosController#index as HTML
  Rendering layout layouts/application.html.erb
  Rendering livros/index.html.erb within layouts/application
  [1m[36mLivro Load (0.1ms)[0m  [1m[34mSELECT "livros".* FROM "livros"[0m
  ↳ app/views/livros/index.html.erb:6
  Rendered livros/index.html.erb within layouts/application (Duration: 3.5ms | Allocations: 1651)
  Rendered layout layouts/application.html.erb (Duration: 42.2ms | Allocations: 34652)
Completed 200 OK in 49ms (Views: 44.1ms | ActiveRecord: 0.1ms | Allocations: 38480)


Started GET "/livros/new" for 127.0.0.1 at 2023-05-05 00:49:40 -0300
Processing by LivrosController#new as HTML
  Rendering layout layouts/application.html.erb
  Rendering livros/new.html.erb within layouts/application
  Rendered livros/_form.html.erb (Duration: 5.1ms | Allocations: 3440)
  Rendered livros/new.html.erb within layouts/application (Duration: 6.1ms | Allocations: 3760)
  Rendered layout layouts/application.html.erb (Duration: 8.2ms | Allocations: 5866)
Completed 200 OK in 16ms (Views: 8.7ms | ActiveRecord: 0.5ms | Allocations: 11345)


Started GET "/livros" for 127.0.0.1 at 2023-05-05 00:49:59 -0300
Processing by LivrosController#index as HTML
  Rendering layout layouts/application.html.erb
  Rendering livros/index.html.erb within layouts/application
  [1m[36mLivro Load (0.1ms)[0m  [1m[34mSELECT "livros".* FROM "livros"[0m
  ↳ app/views/livros/index.html.erb:6
  Rendered livros/index.html.erb within layouts/application (Duration: 1.3ms | Allocations: 763)
  Rendered layout layouts/application.html.erb (Duration: 3.4ms | Allocations: 2869)
Completed 200 OK in 4ms (Views: 3.7ms | ActiveRecord: 0.1ms | Allocations: 3146)


Started GET "/livros/new" for 127.0.0.1 at 2023-05-05 00:49:59 -0300
Processing by LivrosController#new as HTML
  Rendering layout layouts/application.html.erb
  Rendering livros/new.html.erb within layouts/application
  Rendered livros/_form.html.erb (Duration: 1.7ms | Allocations: 1360)
  Rendered livros/new.html.erb within layouts/application (Duration: 1.9ms | Allocations: 1449)
  Rendered layout layouts/application.html.erb (Duration: 4.3ms | Allocations: 3555)
Completed 200 OK in 5ms (Views: 4.7ms | ActiveRecord: 0.0ms | Allocations: 3836)


Started GET "/livros/new" for 127.0.0.1 at 2023-05-05 00:50:32 -0300
Processing by LivrosController#new as HTML
  Rendering layout layouts/application.html.erb
  Rendering livros/new.html.erb within layouts/application
  Rendered livros/_form.html.erb (Duration: 2.3ms | Allocations: 1826)
  Rendered livros/new.html.erb within layouts/application (Duration: 2.9ms | Allocations: 2128)
  Rendered layout layouts/application.html.erb (Duration: 5.3ms | Allocations: 4504)
Completed 200 OK in 7ms (Views: 6.4ms | ActiveRecord: 0.0ms | Allocations: 5265)


Started GET "/livros/new" for 127.0.0.1 at 2023-05-05 00:51:32 -0300
Processing by LivrosController#new as HTML
  Rendering layout layouts/application.html.erb
  Rendering livros/new.html.erb within layouts/application
  Rendered livros/_form.html.erb (Duration: 11.3ms | Allocations: 11630)
  Rendered livros/new.html.erb within layouts/application (Duration: 11.8ms | Allocations: 11899)
  Rendered layout layouts/application.html.erb (Duration: 11.9ms | Allocations: 11988)
Completed 500 Internal Server Error in 14ms (ActiveRecord: 0.0ms | Allocations: 12743)


  
ActionView::SyntaxErrorInTemplate (Encountered a syntax error while rendering template: check <%= form_with(model: livro) do |form| %>
  <% if livro.errors.any? %>
    <div style="color: red">
      <h2><%= pluralize(livro.errors.count, "error") %> prohibited this livro from being saved:</h2>

      <ul>
        <% livro.errors.each do |error| %>
          <li><%= error.full_message %></li>
        <% end %>
      </ul>
    </div>
  <% end %>

  <div>
    <%= name="titulo do livro"form.label :title, style: "display: block" %>
    <%= form.text_field :title %>
  </div>

  <div>
    <%= form.label :author, style: "display: block" %>
    <%= form.text_field :author %>
  </div>

  <div>
    <%= form.label :rating, style: "display: block" %>
    <%= form.text_field :rating %>
  </div>

  <div>
    <%= form.label :description, style: "display: block" %>
    <%= form.text_field :description %>
  </div>

  <div>
    <%= form.submit %>
  </div>
<% end %>

):
1:    <%= form_with(model: livro) do |form| %>
2:      <% if livro.errors.any? %>
3:        <div style="color: red">
4:          <h2><%= pluralize(livro.errors.count, "error") %> prohibited this livro from being saved:</h2>
5:    
6:          <ul>
7:            <% livro.errors.each do |error| %>
8:              <li><%= error.full_message %></li>
9:            <% end %>
10:          </ul>
11:        </div>
12:      <% end %>
13:    
14:      <div>
15:        <%= name="titulo do livro"form.label :title, style: "display: block" %>
16:        <%= form.text_field :title %>
17:      </div>
18:    
19:      <div>
20:        <%= form.label :author, style: "display: block" %>
21:        <%= form.text_field :author %>
22:      </div>
23:    
24:      <div>
25:        <%= form.label :rating, style: "display: block" %>
26:        <%= form.text_field :rating %>
27:      </div>
28:    
29:      <div>
30:        <%= form.label :description, style: "display: block" %>
31:        <%= form.text_field :description %>
32:      </div>
33:    
34:      <div>
35:        <%= form.submit %>
36:      </div>
37:    <% end %>
  
app/views/livros/_form.html.erb:15: syntax error, unexpected local variable or method, expecting ')'
app/views/livros/_form.html.erb:15: syntax error, unexpected local variable or method, expecting ')'
app/views/livros/_form.html.erb:15: syntax error, unexpected local variable or method, expecting ')'
app/views/livros/_form.html.erb:15: syntax error, unexpected local variable or method, expecting ')'
app/views/livros/_form.html.erb:15: syntax error, unexpected local variable or method, expecting ')'
app/views/livros/_form.html.erb:15: syntax error, unexpected local variable or method, expecting ')'
app/views/livros/new.html.erb:3
Started GET "/livros/new" for 127.0.0.1 at 2023-05-05 00:51:47 -0300
Processing by LivrosController#new as HTML
  Rendering layout layouts/application.html.erb
  Rendering livros/new.html.erb within layouts/application
  Rendered livros/_form.html.erb (Duration: 2.9ms | Allocations: 1814)
  Rendered livros/new.html.erb within layouts/application (Duration: 3.7ms | Allocations: 2116)
  Rendered layout layouts/application.html.erb (Duration: 6.6ms | Allocations: 4525)
Completed 200 OK in 9ms (Views: 8.1ms | ActiveRecord: 0.0ms | Allocations: 5280)


Started GET "/livros/new" for 127.0.0.1 at 2023-05-05 00:54:42 -0300
Processing by LivrosController#new as HTML
  Rendering layout layouts/application.html.erb
  Rendering livros/new.html.erb within layouts/application
  Rendered livros/_form.html.erb (Duration: 2.4ms | Allocations: 1817)
  Rendered livros/new.html.erb within layouts/application (Duration: 3.1ms | Allocations: 2127)
  Rendered layout layouts/application.html.erb (Duration: 6.2ms | Allocations: 4502)
Completed 200 OK in 8ms (Views: 7.4ms | ActiveRecord: 0.0ms | Allocations: 5256)


Started POST "/livros" for 127.0.0.1 at 2023-05-05 00:54:52 -0300
Processing by LivrosController#create as TURBO_STREAM
  Parameters: {"authenticity_token"=>"[FILTERED]", "livro"=>{"title"=>"sdaasd", "author"=>"asdasd", "rating"=>"asdas", "description"=>"asdas"}, "commit"=>"Create Livro"}
  [1m[36mTRANSACTION (0.0ms)[0m  [1m[36mbegin transaction[0m
  ↳ app/controllers/livros_controller.rb:27:in `block in create'
  [1m[36mLivro Create (0.2ms)[0m  [1m[32mINSERT INTO "livros" ("title", "author", "rating", "description", "created_at", "updated_at") VALUES (?, ?, ?, ?, ?, ?)[0m  [["title", "sdaasd"], ["author", "asdasd"], ["rating", "asdas"], ["description", "asdas"], ["created_at", "2023-05-05 03:54:52.488534"], ["updated_at", "2023-05-05 03:54:52.488534"]]
  ↳ app/controllers/livros_controller.rb:27:in `block in create'
  [1m[36mTRANSACTION (3.9ms)[0m  [1m[36mcommit transaction[0m
  ↳ app/controllers/livros_controller.rb:27:in `block in create'
Redirected to http://127.0.0.1:3000/livros/1
Completed 302 Found in 8ms (ActiveRecord: 4.2ms | Allocations: 3732)


Started GET "/livros/1" for 127.0.0.1 at 2023-05-05 00:54:52 -0300
Processing by LivrosController#show as TURBO_STREAM
  Parameters: {"id"=>"1"}
  [1m[36mLivro Load (0.1ms)[0m  [1m[34mSELECT "livros".* FROM "livros" WHERE "livros"."id" = ? LIMIT ?[0m  [["id", 1], ["LIMIT", 1]]
  ↳ app/controllers/livros_controller.rb:63:in `set_livro'
  Rendering layout layouts/application.html.erb
  Rendering livros/show.html.erb within layouts/application
  Rendered livros/_livro.html.erb (Duration: 0.5ms | Allocations: 245)
  Rendered livros/show.html.erb within layouts/application (Duration: 2.6ms | Allocations: 1416)
  Rendered layout layouts/application.html.erb (Duration: 4.6ms | Allocations: 3513)
Completed 200 OK in 8ms (Views: 4.9ms | ActiveRecord: 0.1ms | Allocations: 6151)


Started GET "/livros/1/edit" for 127.0.0.1 at 2023-05-05 00:54:56 -0300
Processing by LivrosController#edit as HTML
  Parameters: {"id"=>"1"}
  [1m[36mLivro Load (0.1ms)[0m  [1m[34mSELECT "livros".* FROM "livros" WHERE "livros"."id" = ? LIMIT ?[0m  [["id", 1], ["LIMIT", 1]]
  ↳ app/controllers/livros_controller.rb:63:in `set_livro'
  Rendering layout layouts/application.html.erb
  Rendering livros/edit.html.erb within layouts/application
  Rendered livros/_form.html.erb (Duration: 1.8ms | Allocations: 1472)
  Rendered livros/edit.html.erb within layouts/application (Duration: 2.6ms | Allocations: 1760)
  Rendered layout layouts/application.html.erb (Duration: 4.6ms | Allocations: 3857)
Completed 200 OK in 7ms (Views: 5.0ms | ActiveRecord: 0.1ms | Allocations: 4671)


Started GET "/livros/1/edit" for 127.0.0.1 at 2023-05-05 00:55:14 -0300
Processing by LivrosController#edit as HTML
  Parameters: {"id"=>"1"}
  [1m[36mLivro Load (0.1ms)[0m  [1m[34mSELECT "livros".* FROM "livros" WHERE "livros"."id" = ? LIMIT ?[0m  [["id", 1], ["LIMIT", 1]]
  ↳ app/controllers/livros_controller.rb:63:in `set_livro'
  Rendering layout layouts/application.html.erb
  Rendering livros/edit.html.erb within layouts/application
  Rendered livros/_form.html.erb (Duration: 2.4ms | Allocations: 1448)
  Rendered livros/edit.html.erb within layouts/application (Duration: 2.8ms | Allocations: 1573)
  Rendered layout layouts/application.html.erb (Duration: 5.0ms | Allocations: 3670)
Completed 200 OK in 7ms (Views: 5.4ms | ActiveRecord: 0.1ms | Allocations: 4420)


Started GET "/livros/1/edit" for 127.0.0.1 at 2023-05-05 00:55:29 -0300
  [1m[36mActiveRecord::SchemaMigration Pluck (0.5ms)[0m  [1m[34mSELECT "schema_migrations"."version" FROM "schema_migrations" ORDER BY "schema_migrations"."version" ASC[0m
Processing by LivrosController#edit as HTML
  Parameters: {"id"=>"1"}
  [1m[36mLivro Load (0.1ms)[0m  [1m[34mSELECT "livros".* FROM "livros" WHERE "livros"."id" = ? LIMIT ?[0m  [["id", 1], ["LIMIT", 1]]
  ↳ app/controllers/livros_controller.rb:63:in `set_livro'
  Rendering layout layouts/application.html.erb
  Rendering livros/edit.html.erb within layouts/application
  Rendered livros/_form.html.erb (Duration: 5.3ms | Allocations: 3884)
  Rendered livros/edit.html.erb within layouts/application (Duration: 6.4ms | Allocations: 4498)
  Rendered layout layouts/application.html.erb (Duration: 44.1ms | Allocations: 37861)
Completed 200 OK in 63ms (Views: 46.3ms | ActiveRecord: 0.6ms | Allocations: 49174)


Started GET "/livros" for 127.0.0.1 at 2023-05-05 00:55:36 -0300
Processing by LivrosController#index as HTML
  Rendering layout layouts/application.html.erb
  Rendering livros/index.html.erb within layouts/application
  [1m[36mLivro Load (0.2ms)[0m  [1m[34mSELECT "livros".* FROM "livros"[0m
  ↳ app/views/livros/index.html.erb:6
  Rendered livros/_livro.html.erb (Duration: 0.5ms | Allocations: 246)
  Rendered livros/index.html.erb within layouts/application (Duration: 3.7ms | Allocations: 1696)
  Rendered layout layouts/application.html.erb (Duration: 6.5ms | Allocations: 3802)
Completed 200 OK in 8ms (Views: 6.8ms | ActiveRecord: 0.2ms | Allocations: 4165)


Started GET "/livros/1" for 127.0.0.1 at 2023-05-05 00:56:03 -0300
Processing by LivrosController#show as HTML
  Parameters: {"id"=>"1"}
  [1m[36mLivro Load (0.1ms)[0m  [1m[34mSELECT "livros".* FROM "livros" WHERE "livros"."id" = ? LIMIT ?[0m  [["id", 1], ["LIMIT", 1]]
  ↳ app/controllers/livros_controller.rb:63:in `set_livro'
  Rendering layout layouts/application.html.erb
  Rendering livros/show.html.erb within layouts/application
  Rendered livros/_livro.html.erb (Duration: 0.1ms | Allocations: 23)
  Rendered livros/show.html.erb within layouts/application (Duration: 1.1ms | Allocations: 758)
  Rendered layout layouts/application.html.erb (Duration: 2.8ms | Allocations: 2856)
Completed 200 OK in 5ms (Views: 3.6ms | ActiveRecord: 0.1ms | Allocations: 3702)


Started GET "/livros" for 127.0.0.1 at 2023-05-05 00:56:05 -0300
Processing by LivrosController#index as HTML
  Rendering layout layouts/application.html.erb
  Rendering livros/index.html.erb within layouts/application
  [1m[36mLivro Load (0.1ms)[0m  [1m[34mSELECT "livros".* FROM "livros"[0m
  ↳ app/views/livros/index.html.erb:6
  Rendered livros/_livro.html.erb (Duration: 0.1ms | Allocations: 23)
  Rendered livros/index.html.erb within layouts/application (Duration: 2.2ms | Allocations: 920)
  Rendered layout layouts/application.html.erb (Duration: 5.4ms | Allocations: 3026)
Completed 200 OK in 6ms (Views: 5.7ms | ActiveRecord: 0.1ms | Allocations: 3303)


Started GET "/livros/new" for 127.0.0.1 at 2023-05-05 00:56:06 -0300
Processing by LivrosController#new as HTML
  Rendering layout layouts/application.html.erb
  Rendering livros/new.html.erb within layouts/application
  Rendered livros/_form.html.erb (Duration: 1.7ms | Allocations: 1375)
  Rendered livros/new.html.erb within layouts/application (Duration: 2.5ms | Allocations: 1614)
  Rendered layout layouts/application.html.erb (Duration: 5.1ms | Allocations: 3720)
Completed 200 OK in 6ms (Views: 5.7ms | ActiveRecord: 0.0ms | Allocations: 4087)


Started GET "/livros/new" for 127.0.0.1 at 2023-05-05 00:57:12 -0300
Processing by LivrosController#new as HTML
  Rendering layout layouts/application.html.erb
  Rendering livros/new.html.erb within layouts/application
  Rendered livros/_form.html.erb (Duration: 2.4ms | Allocations: 1857)
  Rendered livros/new.html.erb within layouts/application (Duration: 3.3ms | Allocations: 2161)
  Rendered layout layouts/application.html.erb (Duration: 6.8ms | Allocations: 4536)
Completed 200 OK in 9ms (Views: 8.3ms | ActiveRecord: 0.0ms | Allocations: 5290)


Started POST "/livros" for 127.0.0.1 at 2023-05-05 00:57:15 -0300
Processing by LivrosController#create as TURBO_STREAM
  Parameters: {"authenticity_token"=>"[FILTERED]", "livro"=>{"title"=>"sdaasd", "author"=>"sdas", "rating"=>"asdas", "description"=>"asdas"}, "commit"=>"Create Livro"}
  [1m[36mTRANSACTION (0.1ms)[0m  [1m[36mbegin transaction[0m
  ↳ app/controllers/livros_controller.rb:27:in `block in create'
  [1m[36mLivro Create (0.3ms)[0m  [1m[32mINSERT INTO "livros" ("title", "author", "rating", "description", "created_at", "updated_at") VALUES (?, ?, ?, ?, ?, ?)[0m  [["title", "sdaasd"], ["author", "sdas"], ["rating", "asdas"], ["description", "asdas"], ["created_at", "2023-05-05 03:57:16.001804"], ["updated_at", "2023-05-05 03:57:16.001804"]]
  ↳ app/controllers/livros_controller.rb:27:in `block in create'
  [1m[36mTRANSACTION (4.0ms)[0m  [1m[36mcommit transaction[0m
  ↳ app/controllers/livros_controller.rb:27:in `block in create'
Redirected to http://127.0.0.1:3000/livros/2
Completed 302 Found in 18ms (ActiveRecord: 4.3ms | Allocations: 3640)


Started GET "/livros/2" for 127.0.0.1 at 2023-05-05 00:57:16 -0300
Processing by LivrosController#show as TURBO_STREAM
  Parameters: {"id"=>"2"}
  [1m[36mLivro Load (0.1ms)[0m  [1m[34mSELECT "livros".* FROM "livros" WHERE "livros"."id" = ? LIMIT ?[0m  [["id", 2], ["LIMIT", 1]]
  ↳ app/controllers/livros_controller.rb:63:in `set_livro'
  Rendering layout layouts/application.html.erb
  Rendering livros/show.html.erb within layouts/application
  Rendered livros/_livro.html.erb (Duration: 0.5ms | Allocations: 223)
  Rendered livros/show.html.erb within layouts/application (Duration: 2.2ms | Allocations: 1114)
  Rendered layout layouts/application.html.erb (Duration: 4.8ms | Allocations: 3245)
Completed 200 OK in 7ms (Views: 5.3ms | ActiveRecord: 0.1ms | Allocations: 4130)


Started GET "/livros/2/edit" for 127.0.0.1 at 2023-05-05 00:57:18 -0300
Processing by LivrosController#edit as HTML
  Parameters: {"id"=>"2"}
  [1m[36mLivro Load (0.1ms)[0m  [1m[34mSELECT "livros".* FROM "livros" WHERE "livros"."id" = ? LIMIT ?[0m  [["id", 2], ["LIMIT", 1]]
  ↳ app/controllers/livros_controller.rb:63:in `set_livro'
  Rendering layout layouts/application.html.erb
  Rendering livros/edit.html.erb within layouts/application
  Rendered livros/_form.html.erb (Duration: 2.0ms | Allocations: 1453)
  Rendered livros/edit.html.erb within layouts/application (Duration: 2.8ms | Allocations: 1738)
  Rendered layout layouts/application.html.erb (Duration: 5.9ms | Allocations: 3836)
Completed 200 OK in 8ms (Views: 6.3ms | ActiveRecord: 0.1ms | Allocations: 4644)


Started GET "/livros" for 127.0.0.1 at 2023-05-05 00:57:20 -0300
Processing by LivrosController#index as HTML
  Rendering layout layouts/application.html.erb
  Rendering livros/index.html.erb within layouts/application
  [1m[36mLivro Load (0.1ms)[0m  [1m[34mSELECT "livros".* FROM "livros"[0m
  ↳ app/views/livros/index.html.erb:6
  Rendered livros/_livro.html.erb (Duration: 0.1ms | Allocations: 23)
  Rendered livros/_livro.html.erb (Duration: 0.0ms | Allocations: 22)
  Rendered livros/index.html.erb within layouts/application (Duration: 2.3ms | Allocations: 1269)
  Rendered layout layouts/application.html.erb (Duration: 4.9ms | Allocations: 3374)
Completed 200 OK in 6ms (Views: 5.3ms | ActiveRecord: 0.1ms | Allocations: 3725)


Started GET "/livros/1" for 127.0.0.1 at 2023-05-05 00:57:22 -0300
Processing by LivrosController#show as HTML
  Parameters: {"id"=>"1"}
  [1m[36mLivro Load (0.1ms)[0m  [1m[34mSELECT "livros".* FROM "livros" WHERE "livros"."id" = ? LIMIT ?[0m  [["id", 1], ["LIMIT", 1]]
  ↳ app/controllers/livros_controller.rb:63:in `set_livro'
  Rendering layout layouts/application.html.erb
  Rendering livros/show.html.erb within layouts/application
  Rendered livros/_livro.html.erb (Duration: 0.1ms | Allocations: 23)
  Rendered livros/show.html.erb within layouts/application (Duration: 1.1ms | Allocations: 546)
  Rendered layout layouts/application.html.erb (Duration: 3.4ms | Allocations: 2643)
Completed 200 OK in 5ms (Views: 3.8ms | ActiveRecord: 0.1ms | Allocations: 3402)


Started DELETE "/livros/1" for 127.0.0.1 at 2023-05-05 00:57:24 -0300
Processing by LivrosController#destroy as TURBO_STREAM
  Parameters: {"authenticity_token"=>"[FILTERED]", "id"=>"1"}
  [1m[36mLivro Load (0.1ms)[0m  [1m[34mSELECT "livros".* FROM "livros" WHERE "livros"."id" = ? LIMIT ?[0m  [["id", 1], ["LIMIT", 1]]
  ↳ app/controllers/livros_controller.rb:63:in `set_livro'
  [1m[36mTRANSACTION (0.0ms)[0m  [1m[36mbegin transaction[0m
  ↳ app/controllers/livros_controller.rb:52:in `destroy'
  [1m[36mLivro Destroy (0.2ms)[0m  [1m[31mDELETE FROM "livros" WHERE "livros"."id" = ?[0m  [["id", 1]]
  ↳ app/controllers/livros_controller.rb:52:in `destroy'
  [1m[36mTRANSACTION (4.2ms)[0m  [1m[36mcommit transaction[0m
  ↳ app/controllers/livros_controller.rb:52:in `destroy'
Redirected to http://127.0.0.1:3000/livros
Completed 302 Found in 9ms (ActiveRecord: 4.5ms | Allocations: 2561)


Started GET "/livros" for 127.0.0.1 at 2023-05-05 00:57:24 -0300
Processing by LivrosController#index as TURBO_STREAM
  Rendering layout layouts/application.html.erb
  Rendering livros/index.html.erb within layouts/application
  [1m[36mLivro Load (0.1ms)[0m  [1m[34mSELECT "livros".* FROM "livros"[0m
  ↳ app/views/livros/index.html.erb:6
  Rendered livros/_livro.html.erb (Duration: 0.1ms | Allocations: 23)
  Rendered livros/index.html.erb within layouts/application (Duration: 1.5ms | Allocations: 926)
  Rendered layout layouts/application.html.erb (Duration: 3.8ms | Allocations: 3031)
Completed 200 OK in 5ms (Views: 4.1ms | ActiveRecord: 0.1ms | Allocations: 3305)


Started GET "/livros/2" for 127.0.0.1 at 2023-05-05 00:57:25 -0300
Processing by LivrosController#show as HTML
  Parameters: {"id"=>"2"}
  [1m[36mLivro Load (0.2ms)[0m  [1m[34mSELECT "livros".* FROM "livros" WHERE "livros"."id" = ? LIMIT ?[0m  [["id", 2], ["LIMIT", 1]]
  ↳ app/controllers/livros_controller.rb:63:in `set_livro'
  Rendering layout layouts/application.html.erb
  Rendering livros/show.html.erb within layouts/application
  Rendered livros/_livro.html.erb (Duration: 0.1ms | Allocations: 23)
  Rendered livros/show.html.erb within layouts/application (Duration: 0.8ms | Allocations: 561)
  Rendered layout layouts/application.html.erb (Duration: 3.0ms | Allocations: 2658)
Completed 200 OK in 5ms (Views: 3.3ms | ActiveRecord: 0.2ms | Allocations: 3411)


Started DELETE "/livros/2" for 127.0.0.1 at 2023-05-05 00:57:26 -0300
Processing by LivrosController#destroy as TURBO_STREAM
  Parameters: {"authenticity_token"=>"[FILTERED]", "id"=>"2"}
  [1m[36mLivro Load (0.1ms)[0m  [1m[34mSELECT "livros".* FROM "livros" WHERE "livros"."id" = ? LIMIT ?[0m  [["id", 2], ["LIMIT", 1]]
  ↳ app/controllers/livros_controller.rb:63:in `set_livro'
  [1m[36mTRANSACTION (0.0ms)[0m  [1m[36mbegin transaction[0m
  ↳ app/controllers/livros_controller.rb:52:in `destroy'
  [1m[36mLivro Destroy (0.2ms)[0m  [1m[31mDELETE FROM "livros" WHERE "livros"."id" = ?[0m  [["id", 2]]
  ↳ app/controllers/livros_controller.rb:52:in `destroy'
  [1m[36mTRANSACTION (4.4ms)[0m  [1m[36mcommit transaction[0m
  ↳ app/controllers/livros_controller.rb:52:in `destroy'
Redirected to http://127.0.0.1:3000/livros
Completed 302 Found in 9ms (ActiveRecord: 4.8ms | Allocations: 2443)


Started GET "/livros" for 127.0.0.1 at 2023-05-05 00:57:26 -0300
Processing by LivrosController#index as TURBO_STREAM
  Rendering layout layouts/application.html.erb
  Rendering livros/index.html.erb within layouts/application
  [1m[36mLivro Load (0.1ms)[0m  [1m[34mSELECT "livros".* FROM "livros"[0m
  ↳ app/views/livros/index.html.erb:6
  Rendered livros/index.html.erb within layouts/application (Duration: 1.3ms | Allocations: 763)
  Rendered layout layouts/application.html.erb (Duration: 3.6ms | Allocations: 2868)
Completed 200 OK in 4ms (Views: 3.9ms | ActiveRecord: 0.1ms | Allocations: 3143)


Started GET "/livros/new" for 127.0.0.1 at 2023-05-05 00:57:27 -0300
Processing by LivrosController#new as HTML
  Rendering layout layouts/application.html.erb
  Rendering livros/new.html.erb within layouts/application
  Rendered livros/_form.html.erb (Duration: 3.2ms | Allocations: 1351)
  Rendered livros/new.html.erb within layouts/application (Duration: 3.5ms | Allocations: 1441)
  Rendered layout layouts/application.html.erb (Duration: 6.6ms | Allocations: 3546)
Completed 200 OK in 8ms (Views: 7.1ms | ActiveRecord: 0.0ms | Allocations: 3821)


Started GET "/livros/new" for 127.0.0.1 at 2023-05-05 00:57:46 -0300
Processing by LivrosController#new as HTML
  Rendering layout layouts/application.html.erb
  Rendering livros/new.html.erb within layouts/application
  Rendered livros/_form.html.erb (Duration: 4.0ms | Allocations: 1922)
  Rendered livros/new.html.erb within layouts/application (Duration: 4.8ms | Allocations: 2226)
  Rendered layout layouts/application.html.erb (Duration: 7.5ms | Allocations: 4601)
Completed 200 OK in 10ms (Views: 8.8ms | ActiveRecord: 0.0ms | Allocations: 5355)


Started GET "/livros/new" for 127.0.0.1 at 2023-05-05 00:59:18 -0300
Processing by LivrosController#new as HTML
  Rendering layout layouts/application.html.erb
  Rendering livros/new.html.erb within layouts/application
  Rendered livros/_form.html.erb (Duration: 2.7ms | Allocations: 1885)
  Rendered livros/new.html.erb within layouts/application (Duration: 3.6ms | Allocations: 2189)
  Rendered layout layouts/application.html.erb (Duration: 6.4ms | Allocations: 4564)
Completed 200 OK in 9ms (Views: 8.0ms | ActiveRecord: 0.0ms | Allocations: 5319)


Started GET "/livros/new" for 127.0.0.1 at 2023-05-05 00:59:19 -0300
Processing by LivrosController#new as HTML
  Rendering layout layouts/application.html.erb
  Rendering livros/new.html.erb within layouts/application
  Rendered livros/_form.html.erb (Duration: 2.4ms | Allocations: 1424)
  Rendered livros/new.html.erb within layouts/application (Duration: 2.7ms | Allocations: 1514)
  Rendered layout layouts/application.html.erb (Duration: 5.2ms | Allocations: 3619)
Completed 200 OK in 6ms (Views: 5.7ms | ActiveRecord: 0.0ms | Allocations: 3893)


Started POST "/livros" for 127.0.0.1 at 2023-05-05 00:59:20 -0300
Processing by LivrosController#create as TURBO_STREAM
  Parameters: {"authenticity_token"=>"[FILTERED]", "livro"=>{"title"=>"sdaasd", "author"=>"sdas", "rating"=>"asdas", "description"=>"asdas"}, "commit"=>"Create Livro"}
  [1m[36mTRANSACTION (0.1ms)[0m  [1m[36mbegin transaction[0m
  ↳ app/controllers/livros_controller.rb:27:in `block in create'
  [1m[36mLivro Create (0.3ms)[0m  [1m[32mINSERT INTO "livros" ("title", "author", "rating", "description", "created_at", "updated_at") VALUES (?, ?, ?, ?, ?, ?)[0m  [["title", "sdaasd"], ["author", "sdas"], ["rating", "asdas"], ["description", "asdas"], ["created_at", "2023-05-05 03:59:20.733408"], ["updated_at", "2023-05-05 03:59:20.733408"]]
  ↳ app/controllers/livros_controller.rb:27:in `block in create'
  [1m[36mTRANSACTION (4.3ms)[0m  [1m[36mcommit transaction[0m
  ↳ app/controllers/livros_controller.rb:27:in `block in create'
Redirected to http://127.0.0.1:3000/livros/3
Completed 302 Found in 10ms (ActiveRecord: 4.7ms | Allocations: 2341)


Started GET "/livros/3" for 127.0.0.1 at 2023-05-05 00:59:20 -0300
Processing by LivrosController#show as TURBO_STREAM
  Parameters: {"id"=>"3"}
  [1m[36mLivro Load (0.1ms)[0m  [1m[34mSELECT "livros".* FROM "livros" WHERE "livros"."id" = ? LIMIT ?[0m  [["id", 3], ["LIMIT", 1]]
  ↳ app/controllers/livros_controller.rb:63:in `set_livro'
  Rendering layout layouts/application.html.erb
  Rendering livros/show.html.erb within layouts/application
  Rendered livros/_livro.html.erb (Duration: 0.5ms | Allocations: 223)
  Rendered livros/show.html.erb within layouts/application (Duration: 2.1ms | Allocations: 1120)
  Rendered layout layouts/application.html.erb (Duration: 4.7ms | Allocations: 3251)
Completed 200 OK in 7ms (Views: 5.1ms | ActiveRecord: 0.1ms | Allocations: 4132)


Started GET "/livros/3" for 127.0.0.1 at 2023-05-05 00:59:51 -0300
Processing by LivrosController#show as HTML
  Parameters: {"id"=>"3"}
  [1m[36mLivro Load (0.1ms)[0m  [1m[34mSELECT "livros".* FROM "livros" WHERE "livros"."id" = ? LIMIT ?[0m  [["id", 3], ["LIMIT", 1]]
  ↳ app/controllers/livros_controller.rb:63:in `set_livro'
  Rendering layout layouts/application.html.erb
  Rendering livros/show.html.erb within layouts/application
  Rendered livros/_livro.html.erb (Duration: 0.7ms | Allocations: 226)
  Rendered livros/show.html.erb within layouts/application (Duration: 2.7ms | Allocations: 1078)
  Rendered layout layouts/application.html.erb (Duration: 6.6ms | Allocations: 3445)
Completed 200 OK in 9ms (Views: 7.7ms | ActiveRecord: 0.1ms | Allocations: 4703)


Started DELETE "/livros/3" for 127.0.0.1 at 2023-05-05 00:59:52 -0300
Processing by LivrosController#destroy as TURBO_STREAM
  Parameters: {"authenticity_token"=>"[FILTERED]", "id"=>"3"}
  [1m[36mLivro Load (0.1ms)[0m  [1m[34mSELECT "livros".* FROM "livros" WHERE "livros"."id" = ? LIMIT ?[0m  [["id", 3], ["LIMIT", 1]]
  ↳ app/controllers/livros_controller.rb:63:in `set_livro'
  [1m[36mTRANSACTION (0.0ms)[0m  [1m[36mbegin transaction[0m
  ↳ app/controllers/livros_controller.rb:52:in `destroy'
  [1m[36mLivro Destroy (0.2ms)[0m  [1m[31mDELETE FROM "livros" WHERE "livros"."id" = ?[0m  [["id", 3]]
  ↳ app/controllers/livros_controller.rb:52:in `destroy'
  [1m[36mTRANSACTION (4.1ms)[0m  [1m[36mcommit transaction[0m
  ↳ app/controllers/livros_controller.rb:52:in `destroy'
Redirected to http://127.0.0.1:3000/livros
Completed 302 Found in 8ms (ActiveRecord: 4.4ms | Allocations: 2453)


Started GET "/livros" for 127.0.0.1 at 2023-05-05 00:59:52 -0300
Processing by LivrosController#index as TURBO_STREAM
  Rendering layout layouts/application.html.erb
  Rendering livros/index.html.erb within layouts/application
  [1m[36mLivro Load (0.1ms)[0m  [1m[34mSELECT "livros".* FROM "livros"[0m
  ↳ app/views/livros/index.html.erb:6
  Rendered livros/index.html.erb within layouts/application (Duration: 1.8ms | Allocations: 1002)
  Rendered layout layouts/application.html.erb (Duration: 4.1ms | Allocations: 3108)
Completed 200 OK in 5ms (Views: 4.5ms | ActiveRecord: 0.1ms | Allocations: 3506)


Started GET "/livros/new" for 127.0.0.1 at 2023-05-05 00:59:54 -0300
Processing by LivrosController#new as HTML
  Rendering layout layouts/application.html.erb
  Rendering livros/new.html.erb within layouts/application
  Rendered livros/_form.html.erb (Duration: 2.8ms | Allocations: 1840)
  Rendered livros/new.html.erb within layouts/application (Duration: 3.5ms | Allocations: 2131)
  Rendered layout layouts/application.html.erb (Duration: 6.6ms | Allocations: 4236)
Completed 200 OK in 8ms (Views: 7.3ms | ActiveRecord: 0.0ms | Allocations: 4566)


Started GET "/livros/new" for 127.0.0.1 at 2023-05-05 01:00:41 -0300
Processing by LivrosController#new as HTML
  Rendering layout layouts/application.html.erb
  Rendering livros/new.html.erb within layouts/application
  Rendered livros/_form.html.erb (Duration: 2.7ms | Allocations: 1772)
  Rendered livros/new.html.erb within layouts/application (Duration: 4.1ms | Allocations: 2076)
  Rendered layout layouts/application.html.erb (Duration: 6.4ms | Allocations: 4451)
Completed 200 OK in 9ms (Views: 7.8ms | ActiveRecord: 0.0ms | Allocations: 5205)


Started GET "/livros" for 127.0.0.1 at 2023-05-05 01:00:47 -0300
Processing by LivrosController#index as HTML
  Rendering layout layouts/application.html.erb
  Rendering livros/index.html.erb within layouts/application
  [1m[36mLivro Load (0.1ms)[0m  [1m[34mSELECT "livros".* FROM "livros"[0m
  ↳ app/views/livros/index.html.erb:6
  Rendered livros/index.html.erb within layouts/application (Duration: 2.3ms | Allocations: 980)
  Rendered layout layouts/application.html.erb (Duration: 5.2ms | Allocations: 3085)
Completed 200 OK in 6ms (Views: 5.6ms | ActiveRecord: 0.1ms | Allocations: 3437)


Started GET "/livros/new" for 127.0.0.1 at 2023-05-05 01:00:48 -0300
Processing by LivrosController#new as HTML
  Rendering layout layouts/application.html.erb
  Rendering livros/new.html.erb within layouts/application
  Rendered livros/_form.html.erb (Duration: 3.0ms | Allocations: 1302)
  Rendered livros/new.html.erb within layouts/application (Duration: 3.3ms | Allocations: 1392)
  Rendered layout layouts/application.html.erb (Duration: 6.4ms | Allocations: 3497)
Completed 200 OK in 7ms (Views: 6.9ms | ActiveRecord: 0.0ms | Allocations: 3772)


Started POST "/livros" for 127.0.0.1 at 2023-05-05 01:01:53 -0300
Processing by LivrosController#create as TURBO_STREAM
  Parameters: {"authenticity_token"=>"[FILTERED]", "livro"=>{"title"=>"1984", "author"=>"George Orwell", "rating"=>"10.0", "description"=>"Em um futuro distópico, criaram uma \"ditadura perfeita\", em que é possível controlar todos os cidadãos."}, "commit"=>"Adicionar review"}
  [1m[36mTRANSACTION (0.1ms)[0m  [1m[36mbegin transaction[0m
  ↳ app/controllers/livros_controller.rb:27:in `block in create'
  [1m[36mLivro Create (0.3ms)[0m  [1m[32mINSERT INTO "livros" ("title", "author", "rating", "description", "created_at", "updated_at") VALUES (?, ?, ?, ?, ?, ?)[0m  [["title", "1984"], ["author", "George Orwell"], ["rating", "10.0"], ["description", "Em um futuro distópico, criaram uma \"ditadura perfeita\", em que é possível controlar todos os cidadãos."], ["created_at", "2023-05-05 04:01:53.453029"], ["updated_at", "2023-05-05 04:01:53.453029"]]
  ↳ app/controllers/livros_controller.rb:27:in `block in create'
  [1m[36mTRANSACTION (3.9ms)[0m  [1m[36mcommit transaction[0m
  ↳ app/controllers/livros_controller.rb:27:in `block in create'
Redirected to http://127.0.0.1:3000/livros/4
Completed 302 Found in 8ms (ActiveRecord: 4.2ms | Allocations: 2376)


Started GET "/livros/4" for 127.0.0.1 at 2023-05-05 01:01:53 -0300
Processing by LivrosController#show as TURBO_STREAM
  Parameters: {"id"=>"4"}
  [1m[36mLivro Load (0.1ms)[0m  [1m[34mSELECT "livros".* FROM "livros" WHERE "livros"."id" = ? LIMIT ?[0m  [["id", 4], ["LIMIT", 1]]
  ↳ app/controllers/livros_controller.rb:63:in `set_livro'
  Rendering layout layouts/application.html.erb
  Rendering livros/show.html.erb within layouts/application
  Rendered livros/_livro.html.erb (Duration: 0.6ms | Allocations: 224)
  Rendered livros/show.html.erb within layouts/application (Duration: 2.2ms | Allocations: 1144)
  Rendered layout layouts/application.html.erb (Duration: 4.8ms | Allocations: 3241)
Completed 200 OK in 6ms (Views: 5.2ms | ActiveRecord: 0.1ms | Allocations: 4120)


Started GET "/livros/4" for 127.0.0.1 at 2023-05-05 01:01:58 -0300
Processing by LivrosController#show as HTML
  Parameters: {"id"=>"4"}
  [1m[36mLivro Load (0.1ms)[0m  [1m[34mSELECT "livros".* FROM "livros" WHERE "livros"."id" = ? LIMIT ?[0m  [["id", 4], ["LIMIT", 1]]
  ↳ app/controllers/livros_controller.rb:63:in `set_livro'
  Rendering layout layouts/application.html.erb
  Rendering livros/show.html.erb within layouts/application
  Rendered livros/_livro.html.erb (Duration: 0.1ms | Allocations: 24)
  Rendered livros/show.html.erb within layouts/application (Duration: 1.2ms | Allocations: 559)
  Rendered layout layouts/application.html.erb (Duration: 4.9ms | Allocations: 2656)
Completed 200 OK in 7ms (Views: 5.5ms | ActiveRecord: 0.1ms | Allocations: 3407)


Started GET "/livros" for 127.0.0.1 at 2023-05-05 01:02:00 -0300
Processing by LivrosController#index as HTML
  Rendering layout layouts/application.html.erb
  Rendering livros/index.html.erb within layouts/application
  [1m[36mLivro Load (0.1ms)[0m  [1m[34mSELECT "livros".* FROM "livros"[0m
  ↳ app/views/livros/index.html.erb:6
  Rendered livros/_livro.html.erb (Duration: 0.1ms | Allocations: 24)
  Rendered livros/index.html.erb within layouts/application (Duration: 2.2ms | Allocations: 913)
  Rendered layout layouts/application.html.erb (Duration: 5.4ms | Allocations: 3018)
Completed 200 OK in 6ms (Views: 5.8ms | ActiveRecord: 0.1ms | Allocations: 3289)


Started GET "/livros" for 127.0.0.1 at 2023-05-05 01:04:03 -0300
Processing by LivrosController#index as HTML
  Rendering layout layouts/application.html.erb
  Rendering livros/index.html.erb within layouts/application
  [1m[36mLivro Load (0.1ms)[0m  [1m[34mSELECT "livros".* FROM "livros"[0m
  ↳ app/views/livros/index.html.erb:6
  Rendered livros/_livro.html.erb (Duration: 0.7ms | Allocations: 228)
  Rendered livros/index.html.erb within layouts/application (Duration: 3.6ms | Allocations: 1465)
  Rendered layout layouts/application.html.erb (Duration: 6.7ms | Allocations: 3844)
Completed 200 OK in 9ms (Views: 7.9ms | ActiveRecord: 0.1ms | Allocations: 4619)


Started GET "/livros/4" for 127.0.0.1 at 2023-05-05 01:04:06 -0300
Processing by LivrosController#show as HTML
  Parameters: {"id"=>"4"}
  [1m[36mLivro Load (0.1ms)[0m  [1m[34mSELECT "livros".* FROM "livros" WHERE "livros"."id" = ? LIMIT ?[0m  [["id", 4], ["LIMIT", 1]]
  ↳ app/controllers/livros_controller.rb:63:in `set_livro'
  Rendering layout layouts/application.html.erb
  Rendering livros/show.html.erb within layouts/application
  Rendered livros/_livro.html.erb (Duration: 0.1ms | Allocations: 24)
  Rendered livros/show.html.erb within layouts/application (Duration: 1.9ms | Allocations: 765)
  Rendered layout layouts/application.html.erb (Duration: 4.0ms | Allocations: 2862)
Completed 200 OK in 6ms (Views: 4.5ms | ActiveRecord: 0.1ms | Allocations: 3696)


Started GET "/livros" for 127.0.0.1 at 2023-05-05 01:04:09 -0300
Processing by LivrosController#index as HTML
  Rendering layout layouts/application.html.erb
  Rendering livros/index.html.erb within layouts/application
  [1m[36mLivro Load (0.1ms)[0m  [1m[34mSELECT "livros".* FROM "livros"[0m
  ↳ app/views/livros/index.html.erb:6
  Rendered livros/_livro.html.erb (Duration: 0.1ms | Allocations: 24)
  Rendered livros/index.html.erb within layouts/application (Duration: 1.7ms | Allocations: 919)
  Rendered layout layouts/application.html.erb (Duration: 6.4ms | Allocations: 3058)
Completed 200 OK in 7ms (Views: 6.8ms | ActiveRecord: 0.1ms | Allocations: 3330)


Started GET "/livros/4" for 127.0.0.1 at 2023-05-05 01:04:10 -0300
Processing by LivrosController#show as HTML
  Parameters: {"id"=>"4"}
  [1m[36mLivro Load (0.1ms)[0m  [1m[34mSELECT "livros".* FROM "livros" WHERE "livros"."id" = ? LIMIT ?[0m  [["id", 4], ["LIMIT", 1]]
  ↳ app/controllers/livros_controller.rb:63:in `set_livro'
  Rendering layout layouts/application.html.erb
  Rendering livros/show.html.erb within layouts/application
  Rendered livros/_livro.html.erb (Duration: 0.1ms | Allocations: 24)
  Rendered livros/show.html.erb within layouts/application (Duration: 1.0ms | Allocations: 566)
  Rendered layout layouts/application.html.erb (Duration: 3.6ms | Allocations: 2664)
Completed 200 OK in 5ms (Views: 4.1ms | ActiveRecord: 0.1ms | Allocations: 3417)


Started GET "/livros" for 127.0.0.1 at 2023-05-05 01:04:12 -0300
Processing by LivrosController#index as HTML
  Rendering layout layouts/application.html.erb
  Rendering livros/index.html.erb within layouts/application
  [1m[36mLivro Load (0.1ms)[0m  [1m[34mSELECT "livros".* FROM "livros"[0m
  ↳ app/views/livros/index.html.erb:6
  Rendered livros/_livro.html.erb (Duration: 0.1ms | Allocations: 24)
  Rendered livros/index.html.erb within layouts/application (Duration: 1.5ms | Allocations: 916)
  Rendered layout layouts/application.html.erb (Duration: 4.1ms | Allocations: 3022)
Completed 200 OK in 5ms (Views: 4.5ms | ActiveRecord: 0.1ms | Allocations: 3293)


Started GET "/livros/new" for 127.0.0.1 at 2023-05-05 01:04:14 -0300
Processing by LivrosController#new as HTML
  Rendering layout layouts/application.html.erb
  Rendering livros/new.html.erb within layouts/application
  Rendered livros/_form.html.erb (Duration: 3.5ms | Allocations: 1758)
  Rendered livros/new.html.erb within layouts/application (Duration: 5.4ms | Allocations: 2054)
  Rendered layout layouts/application.html.erb (Duration: 8.1ms | Allocations: 4160)
Completed 200 OK in 9ms (Views: 8.7ms | ActiveRecord: 0.0ms | Allocations: 4490)


Started GET "/livros" for 127.0.0.1 at 2023-05-05 01:04:17 -0300
Processing by LivrosController#index as HTML
  Rendering layout layouts/application.html.erb
  Rendering livros/index.html.erb within layouts/application
  [1m[36mLivro Load (0.1ms)[0m  [1m[34mSELECT "livros".* FROM "livros"[0m
  ↳ app/views/livros/index.html.erb:6
  Rendered livros/_livro.html.erb (Duration: 0.1ms | Allocations: 24)
  Rendered livros/index.html.erb within layouts/application (Duration: 2.0ms | Allocations: 922)
  Rendered layout layouts/application.html.erb (Duration: 4.4ms | Allocations: 3027)
Completed 200 OK in 6ms (Views: 5.3ms | ActiveRecord: 0.1ms | Allocations: 3298)


Started GET "/livros/new" for 127.0.0.1 at 2023-05-05 01:04:20 -0300
Processing by LivrosController#new as HTML
  Rendering layout layouts/application.html.erb
  Rendering livros/new.html.erb within layouts/application
  Rendered livros/_form.html.erb (Duration: 2.7ms | Allocations: 1296)
  Rendered livros/new.html.erb within layouts/application (Duration: 3.0ms | Allocations: 1386)
  Rendered layout layouts/application.html.erb (Duration: 5.8ms | Allocations: 3491)
Completed 200 OK in 7ms (Views: 6.3ms | ActiveRecord: 0.0ms | Allocations: 3766)


Started POST "/livros" for 127.0.0.1 at 2023-05-05 01:06:21 -0300
Processing by LivrosController#create as TURBO_STREAM
  Parameters: {"authenticity_token"=>"[FILTERED]", "livro"=>{"title"=>"Revolução dos Bichos", "author"=>"George Orwell", "rating"=>"10.0", "description"=>"Este livro é uma alegoria aos acontecimentos durante e após a revolução comunista na russia de 1917"}, "commit"=>"Adicionar review"}
  [1m[36mTRANSACTION (0.1ms)[0m  [1m[36mbegin transaction[0m
  ↳ app/controllers/livros_controller.rb:27:in `block in create'
  [1m[36mLivro Create (0.3ms)[0m  [1m[32mINSERT INTO "livros" ("title", "author", "rating", "description", "created_at", "updated_at") VALUES (?, ?, ?, ?, ?, ?)[0m  [["title", "Revolução dos Bichos"], ["author", "George Orwell"], ["rating", "10.0"], ["description", "Este livro é uma alegoria aos acontecimentos durante e após a revolução comunista na russia de 1917"], ["created_at", "2023-05-05 04:06:21.329797"], ["updated_at", "2023-05-05 04:06:21.329797"]]
  ↳ app/controllers/livros_controller.rb:27:in `block in create'
  [1m[36mTRANSACTION (4.3ms)[0m  [1m[36mcommit transaction[0m
  ↳ app/controllers/livros_controller.rb:27:in `block in create'
Redirected to http://127.0.0.1:3000/livros/5
Completed 302 Found in 9ms (ActiveRecord: 4.6ms | Allocations: 2368)


Started GET "/livros/5" for 127.0.0.1 at 2023-05-05 01:06:21 -0300
Processing by LivrosController#show as TURBO_STREAM
  Parameters: {"id"=>"5"}
  [1m[36mLivro Load (0.1ms)[0m  [1m[34mSELECT "livros".* FROM "livros" WHERE "livros"."id" = ? LIMIT ?[0m  [["id", 5], ["LIMIT", 1]]
  ↳ app/controllers/livros_controller.rb:63:in `set_livro'
  Rendering layout layouts/application.html.erb
  Rendering livros/show.html.erb within layouts/application
  Rendered livros/_livro.html.erb (Duration: 0.1ms | Allocations: 25)
  Rendered livros/show.html.erb within layouts/application (Duration: 1.2ms | Allocations: 646)
  Rendered layout layouts/application.html.erb (Duration: 4.1ms | Allocations: 2743)
Completed 200 OK in 6ms (Views: 4.6ms | ActiveRecord: 0.1ms | Allocations: 3542)


Started GET "/livros" for 127.0.0.1 at 2023-05-05 01:06:23 -0300
Processing by LivrosController#index as HTML
  Rendering layout layouts/application.html.erb
  Rendering livros/index.html.erb within layouts/application
  [1m[36mLivro Load (0.1ms)[0m  [1m[34mSELECT "livros".* FROM "livros"[0m
  ↳ app/views/livros/index.html.erb:6
  Rendered livros/_livro.html.erb (Duration: 0.1ms | Allocations: 24)
  Rendered livros/_livro.html.erb (Duration: 0.1ms | Allocations: 24)
  Rendered livros/index.html.erb within layouts/application (Duration: 2.4ms | Allocations: 1058)
  Rendered layout layouts/application.html.erb (Duration: 5.4ms | Allocations: 3163)
Completed 200 OK in 6ms (Views: 5.8ms | ActiveRecord: 0.1ms | Allocations: 3434)


Started GET "/livros/new" for 127.0.0.1 at 2023-05-05 01:07:10 -0300
Processing by LivrosController#new as HTML
  Rendering layout layouts/application.html.erb
  Rendering livros/new.html.erb within layouts/application
  Rendered livros/_form.html.erb (Duration: 2.2ms | Allocations: 1293)
  Rendered livros/new.html.erb within layouts/application (Duration: 2.5ms | Allocations: 1383)
  Rendered layout layouts/application.html.erb (Duration: 4.7ms | Allocations: 3488)
Completed 200 OK in 6ms (Views: 5.2ms | ActiveRecord: 0.0ms | Allocations: 3764)


Started POST "/livros" for 127.0.0.1 at 2023-05-05 01:08:48 -0300
Processing by LivrosController#create as TURBO_STREAM
  Parameters: {"authenticity_token"=>"[FILTERED]", "livro"=>{"title"=>"Harry Potter e a Ordem da Fênix", "author"=>"J.K. Rowling", "rating"=>"9.0", "description"=>"Após ser atacado por dementadores e necessitar utilizar feitiço fora da escola, Harry Potter enfrenta um julgamento no ministério da magia e isso culminará em diversos misterios ao longo do ano"}, "commit"=>"Adicionar review"}
  [1m[36mTRANSACTION (0.1ms)[0m  [1m[36mbegin transaction[0m
  ↳ app/controllers/livros_controller.rb:27:in `block in create'
  [1m[36mLivro Create (0.2ms)[0m  [1m[32mINSERT INTO "livros" ("title", "author", "rating", "description", "created_at", "updated_at") VALUES (?, ?, ?, ?, ?, ?)[0m  [["title", "Harry Potter e a Ordem da Fênix"], ["author", "J.K. Rowling"], ["rating", "9.0"], ["description", "Após ser atacado por dementadores e necessitar utilizar feitiço fora da escola, Harry Potter enfrenta um julgamento no ministério da magia e isso culminará em diversos misterios ao longo do ano"], ["created_at", "2023-05-05 04:08:48.994159"], ["updated_at", "2023-05-05 04:08:48.994159"]]
  ↳ app/controllers/livros_controller.rb:27:in `block in create'
  [1m[36mTRANSACTION (4.1ms)[0m  [1m[36mcommit transaction[0m
  ↳ app/controllers/livros_controller.rb:27:in `block in create'
Redirected to http://127.0.0.1:3000/livros/6
Completed 302 Found in 9ms (ActiveRecord: 4.4ms | Allocations: 2361)


Started GET "/livros/6" for 127.0.0.1 at 2023-05-05 01:08:49 -0300
Processing by LivrosController#show as TURBO_STREAM
  Parameters: {"id"=>"6"}
  [1m[36mLivro Load (0.1ms)[0m  [1m[34mSELECT "livros".* FROM "livros" WHERE "livros"."id" = ? LIMIT ?[0m  [["id", 6], ["LIMIT", 1]]
  ↳ app/controllers/livros_controller.rb:63:in `set_livro'
  Rendering layout layouts/application.html.erb
  Rendering livros/show.html.erb within layouts/application
  Rendered livros/_livro.html.erb (Duration: 0.1ms | Allocations: 26)
  Rendered livros/show.html.erb within layouts/application (Duration: 0.9ms | Allocations: 570)
  Rendered layout layouts/application.html.erb (Duration: 3.5ms | Allocations: 2667)
Completed 200 OK in 5ms (Views: 3.9ms | ActiveRecord: 0.1ms | Allocations: 3423)


Started GET "/livros" for 127.0.0.1 at 2023-05-05 01:08:51 -0300
Processing by LivrosController#index as HTML
  Rendering layout layouts/application.html.erb
  Rendering livros/index.html.erb within layouts/application
  [1m[36mLivro Load (0.1ms)[0m  [1m[34mSELECT "livros".* FROM "livros"[0m
  ↳ app/views/livros/index.html.erb:6
  Rendered livros/_livro.html.erb (Duration: 0.1ms | Allocations: 24)
  Rendered livros/_livro.html.erb (Duration: 0.1ms | Allocations: 24)
  Rendered livros/_livro.html.erb (Duration: 0.0ms | Allocations: 25)
  Rendered livros/index.html.erb within layouts/application (Duration: 2.3ms | Allocations: 1195)
  Rendered layout layouts/application.html.erb (Duration: 4.7ms | Allocations: 3300)
Completed 200 OK in 5ms (Views: 5.0ms | ActiveRecord: 0.1ms | Allocations: 3571)


Started GET "/livros/new" for 127.0.0.1 at 2023-05-05 01:08:57 -0300
Processing by LivrosController#new as HTML
  Rendering layout layouts/application.html.erb
  Rendering livros/new.html.erb within layouts/application
  Rendered livros/_form.html.erb (Duration: 2.0ms | Allocations: 1281)
  Rendered livros/new.html.erb within layouts/application (Duration: 2.3ms | Allocations: 1371)
  Rendered layout layouts/application.html.erb (Duration: 4.8ms | Allocations: 3476)
Completed 200 OK in 6ms (Views: 5.3ms | ActiveRecord: 0.0ms | Allocations: 3751)


Started POST "/livros" for 127.0.0.1 at 2023-05-05 01:10:56 -0300
Processing by LivrosController#create as TURBO_STREAM
  Parameters: {"authenticity_token"=>"[FILTERED]", "livro"=>{"title"=>"O Hobbit", "author"=>"J.R.R. Tolkien", "rating"=>"10.0", "description"=>"Um belo dia, Bilbo Bolseiro recebe a inesperada visita de Gandalf, O Cinzento, que o convida para uma longa aventura com diversos outros personagens."}, "commit"=>"Adicionar review"}
  [1m[36mTRANSACTION (0.1ms)[0m  [1m[36mbegin transaction[0m
  ↳ app/controllers/livros_controller.rb:27:in `block in create'
  [1m[36mLivro Create (0.2ms)[0m  [1m[32mINSERT INTO "livros" ("title", "author", "rating", "description", "created_at", "updated_at") VALUES (?, ?, ?, ?, ?, ?)[0m  [["title", "O Hobbit"], ["author", "J.R.R. Tolkien"], ["rating", "10.0"], ["description", "Um belo dia, Bilbo Bolseiro recebe a inesperada visita de Gandalf, O Cinzento, que o convida para uma longa aventura com diversos outros personagens."], ["created_at", "2023-05-05 04:10:56.370816"], ["updated_at", "2023-05-05 04:10:56.370816"]]
  ↳ app/controllers/livros_controller.rb:27:in `block in create'
  [1m[36mTRANSACTION (4.0ms)[0m  [1m[36mcommit transaction[0m
  ↳ app/controllers/livros_controller.rb:27:in `block in create'
Redirected to http://127.0.0.1:3000/livros/7
Completed 302 Found in 8ms (ActiveRecord: 4.3ms | Allocations: 2357)


Started GET "/livros/7" for 127.0.0.1 at 2023-05-05 01:10:56 -0300
Processing by LivrosController#show as TURBO_STREAM
  Parameters: {"id"=>"7"}
  [1m[36mLivro Load (0.1ms)[0m  [1m[34mSELECT "livros".* FROM "livros" WHERE "livros"."id" = ? LIMIT ?[0m  [["id", 7], ["LIMIT", 1]]
  ↳ app/controllers/livros_controller.rb:63:in `set_livro'
  Rendering layout layouts/application.html.erb
  Rendering livros/show.html.erb within layouts/application
  Rendered livros/_livro.html.erb (Duration: 0.1ms | Allocations: 24)
  Rendered livros/show.html.erb within layouts/application (Duration: 0.9ms | Allocations: 580)
  Rendered layout layouts/application.html.erb (Duration: 4.7ms | Allocations: 2698)
Completed 200 OK in 6ms (Views: 5.0ms | ActiveRecord: 0.1ms | Allocations: 3455)


Started GET "/livros" for 127.0.0.1 at 2023-05-05 01:10:57 -0300
Processing by LivrosController#index as HTML
  Rendering layout layouts/application.html.erb
  Rendering livros/index.html.erb within layouts/application
  [1m[36mLivro Load (0.1ms)[0m  [1m[34mSELECT "livros".* FROM "livros"[0m
  ↳ app/views/livros/index.html.erb:6
  Rendered livros/_livro.html.erb (Duration: 0.1ms | Allocations: 24)
  Rendered livros/_livro.html.erb (Duration: 0.0ms | Allocations: 24)
  Rendered livros/_livro.html.erb (Duration: 0.0ms | Allocations: 25)
  Rendered livros/_livro.html.erb (Duration: 0.0ms | Allocations: 23)
  Rendered livros/index.html.erb within layouts/application (Duration: 2.6ms | Allocations: 1334)
  Rendered layout layouts/application.html.erb (Duration: 5.6ms | Allocations: 3444)
Completed 200 OK in 7ms (Views: 6.6ms | ActiveRecord: 0.1ms | Allocations: 3716)


Started GET "/livros/new" for 127.0.0.1 at 2023-05-05 01:10:59 -0300
Processing by LivrosController#new as HTML
  Rendering layout layouts/application.html.erb
  Rendering livros/new.html.erb within layouts/application
  Rendered livros/_form.html.erb (Duration: 2.6ms | Allocations: 1296)
  Rendered livros/new.html.erb within layouts/application (Duration: 2.9ms | Allocations: 1386)
  Rendered layout layouts/application.html.erb (Duration: 5.5ms | Allocations: 3492)
Completed 200 OK in 6ms (Views: 6.0ms | ActiveRecord: 0.0ms | Allocations: 3767)


Started POST "/livros" for 127.0.0.1 at 2023-05-05 01:13:55 -0300
Processing by LivrosController#create as TURBO_STREAM
  Parameters: {"authenticity_token"=>"[FILTERED]", "livro"=>{"title"=>"Shazam", "author"=>"Geoff Johns", "rating"=>"9.5", "description"=>"Billy Batson, um orfão que vive se metendo em encrencas, recebe a árdua tarefa de proteger o mundo da magia, recebendo poderes de um mago, encarregado dessa tarefa, ele precisa se virar para proteger o mundo e aqueles que ele ama."}, "commit"=>"Adicionar review"}
  [1m[36mTRANSACTION (0.1ms)[0m  [1m[36mbegin transaction[0m
  ↳ app/controllers/livros_controller.rb:27:in `block in create'
  [1m[36mLivro Create (0.2ms)[0m  [1m[32mINSERT INTO "livros" ("title", "author", "rating", "description", "created_at", "updated_at") VALUES (?, ?, ?, ?, ?, ?)[0m  [["title", "Shazam"], ["author", "Geoff Johns"], ["rating", "9.5"], ["description", "Billy Batson, um orfão que vive se metendo em encrencas, recebe a árdua tarefa de proteger o mundo da magia, recebendo poderes de um mago, encarregado dessa tarefa, ele precisa se virar para proteger o mundo e aqueles que ele ama."], ["created_at", "2023-05-05 04:13:55.289071"], ["updated_at", "2023-05-05 04:13:55.289071"]]
  ↳ app/controllers/livros_controller.rb:27:in `block in create'
  [1m[36mTRANSACTION (4.0ms)[0m  [1m[36mcommit transaction[0m
  ↳ app/controllers/livros_controller.rb:27:in `block in create'
Redirected to http://127.0.0.1:3000/livros/8
Completed 302 Found in 9ms (ActiveRecord: 4.3ms | Allocations: 2355)


Started GET "/livros/8" for 127.0.0.1 at 2023-05-05 01:13:55 -0300
Processing by LivrosController#show as TURBO_STREAM
  Parameters: {"id"=>"8"}
  [1m[36mLivro Load (0.1ms)[0m  [1m[34mSELECT "livros".* FROM "livros" WHERE "livros"."id" = ? LIMIT ?[0m  [["id", 8], ["LIMIT", 1]]
  ↳ app/controllers/livros_controller.rb:63:in `set_livro'
  Rendering layout layouts/application.html.erb
  Rendering livros/show.html.erb within layouts/application
  Rendered livros/_livro.html.erb (Duration: 0.1ms | Allocations: 25)
  Rendered livros/show.html.erb within layouts/application (Duration: 0.7ms | Allocations: 572)
  Rendered layout layouts/application.html.erb (Duration: 2.8ms | Allocations: 2670)
Completed 200 OK in 4ms (Views: 3.1ms | ActiveRecord: 0.1ms | Allocations: 3426)


Started GET "/livros" for 127.0.0.1 at 2023-05-05 01:13:56 -0300
Processing by LivrosController#index as HTML
  Rendering layout layouts/application.html.erb
  Rendering livros/index.html.erb within layouts/application
  [1m[36mLivro Load (0.1ms)[0m  [1m[34mSELECT "livros".* FROM "livros"[0m
  ↳ app/views/livros/index.html.erb:6
  Rendered livros/_livro.html.erb (Duration: 0.1ms | Allocations: 24)
  Rendered livros/_livro.html.erb (Duration: 0.0ms | Allocations: 24)
  Rendered livros/_livro.html.erb (Duration: 0.1ms | Allocations: 25)
  Rendered livros/_livro.html.erb (Duration: 0.1ms | Allocations: 23)
  Rendered livros/_livro.html.erb (Duration: 0.1ms | Allocations: 24)
  Rendered livros/index.html.erb within layouts/application (Duration: 2.9ms | Allocations: 1491)
  Rendered layout layouts/application.html.erb (Duration: 5.1ms | Allocations: 3596)
Completed 200 OK in 6ms (Views: 5.4ms | ActiveRecord: 0.1ms | Allocations: 3867)


Started GET "/livros" for 127.0.0.1 at 2023-05-05 01:14:09 -0300
  [1m[36mActiveRecord::SchemaMigration Pluck (0.4ms)[0m  [1m[34mSELECT "schema_migrations"."version" FROM "schema_migrations" ORDER BY "schema_migrations"."version" ASC[0m
Processing by LivrosController#index as HTML
  Rendering layout layouts/application.html.erb
  Rendering livros/index.html.erb within layouts/application
  [1m[36mLivro Load (0.5ms)[0m  [1m[34mSELECT "livros".* FROM "livros"[0m
  ↳ app/views/livros/index.html.erb:6
  Rendered livros/_livro.html.erb (Duration: 0.5ms | Allocations: 281)
  Rendered livros/_livro.html.erb (Duration: 0.0ms | Allocations: 24)
  Rendered livros/_livro.html.erb (Duration: 0.0ms | Allocations: 25)
  Rendered livros/_livro.html.erb (Duration: 0.0ms | Allocations: 23)
  Rendered livros/_livro.html.erb (Duration: 0.0ms | Allocations: 24)
  Rendered livros/index.html.erb within layouts/application (Duration: 11.4ms | Allocations: 8073)
  Rendered layout layouts/application.html.erb (Duration: 51.4ms | Allocations: 40922)
Completed 200 OK in 57ms (Views: 52.1ms | ActiveRecord: 0.8ms | Allocations: 44743)


Started GET "/" for 127.0.0.1 at 2023-05-05 01:19:01 -0300
  [1m[36mActiveRecord::SchemaMigration Pluck (0.4ms)[0m  [1m[34mSELECT "schema_migrations"."version" FROM "schema_migrations" ORDER BY "schema_migrations"."version" ASC[0m
Processing by LivrosController#index as HTML
  Rendering layout layouts/application.html.erb
  Rendering livros/index.html.erb within layouts/application
  [1m[36mLivro Load (0.1ms)[0m  [1m[34mSELECT "livros".* FROM "livros"[0m
  ↳ app/views/livros/index.html.erb:6
  Rendered livros/_livro.html.erb (Duration: 0.4ms | Allocations: 281)
  Rendered livros/_livro.html.erb (Duration: 0.0ms | Allocations: 24)
  Rendered livros/_livro.html.erb (Duration: 0.0ms | Allocations: 25)
  Rendered livros/_livro.html.erb (Duration: 0.0ms | Allocations: 23)
  Rendered livros/_livro.html.erb (Duration: 0.0ms | Allocations: 24)
  Rendered livros/index.html.erb within layouts/application (Duration: 10.3ms | Allocations: 8073)
  Rendered layout layouts/application.html.erb (Duration: 43.2ms | Allocations: 40736)
Completed 200 OK in 49ms (Views: 44.2ms | ActiveRecord: 0.4ms | Allocations: 44605)


